<?xml version="1.0" encoding="UTF-8"?>
<!-- Generated by org.testng.reporters.JUnitReportReporter -->
<testsuite hostname="Rubel-PC" name="auttestcase.LoginPageTest" tests="3" failures="0" timestamp="29 Apr 2021 14:32:09 GMT" time="83.090" errors="0">
  <testcase name="testVerifyLogo" time="28.918" classname="auttestcase.LoginPageTest"/>
  <testcase name="testVerifyPageTitle" time="24.515" classname="auttestcase.LoginPageTest"/>
  <testcase name="testLoginFn" time="29.657" classname="auttestcase.LoginPageTest"/>
</testsuite> <!-- auttestcase.LoginPageTest -->
