<?xml version="1.0" encoding="UTF-8"?>
<!-- Generated by org.testng.reporters.JUnitReportReporter -->
<testsuite skipped="0" hostname="Rubel-PC" name="autbase.DriverScript" tests="1" failures="0" timestamp="25 Apr 2021 22:30:15 GMT" time="24.058" errors="0">
  <testcase name="initApplication" time="24.058" classname="autbase.DriverScript"/>
</testsuite> <!-- autbase.DriverScript -->
